{"level":"info","message":{"email":"ore@gmail.com","password":"password"},"service":"user-service","timestamp":"2022-11-23T09:05:08.408Z"}
{"data":{"createdAt":"2022-11-17T10:23:19.367Z","email":"ore@gmail.com","token":"eyJhbGciOiJIUzI1NiIsInR5cCI6IkpXVCJ9.eyJfaWQiOiI2Mzc2MGI5NzUxZjdmNDZiZTZjM2U5OTUiLCJlbWFpbCI6Im9yZUBnbWFpbC5jb20iLCJwYXNzd29yZCI6IiQyYiQxMCRrVXF5Znk5TC92TDNxWGVOTWRvN2p1Vi5hbXlhYnhXS3FSbFZwUG1zNTlUejJtLmlDVDZMcSIsImlhdCI6MTY2OTE5NDMwOCwiZXhwIjoxNjY5MjgwNzA4fQ.3HmIsCLc8Cl3wW4_DpvVejNtTmFwLpImnl4MXvVyS2g","updatedAt":"2022-11-17T10:23:19.367Z"},"level":"info","message":"Login successful","service":"user-service","status":"success","timestamp":"2022-11-23T09:05:08.540Z"}
{"level":"info","message":{"email":"ore@gmail.com","password":"password"},"service":"user-service","timestamp":"2022-11-23T09:08:12.434Z"}
{"data":{"createdAt":"2022-11-17T10:23:19.367Z","email":"ore@gmail.com","token":"eyJhbGciOiJIUzI1NiIsInR5cCI6IkpXVCJ9.eyJfaWQiOiI2Mzc2MGI5NzUxZjdmNDZiZTZjM2U5OTUiLCJlbWFpbCI6Im9yZUBnbWFpbC5jb20iLCJwYXNzd29yZCI6IiQyYiQxMCRrVXF5Znk5TC92TDNxWGVOTWRvN2p1Vi5hbXlhYnhXS3FSbFZwUG1zNTlUejJtLmlDVDZMcSIsImlhdCI6MTY2OTE5NDQ5MiwiZXhwIjoxNjY5MjgwODkyfQ.kzddf36Bky7JN2U4BxQVg6tkiIo02DmY2YC_UgWN4y8","updatedAt":"2022-11-17T10:23:19.367Z"},"level":"info","message":"Login successful","service":"user-service","status":"success","timestamp":"2022-11-23T09:08:12.554Z"}
{"level":"info","message":{"email":"ore@gmail.com","password":"password"},"service":"user-service","timestamp":"2022-11-23T09:13:55.404Z"}
{"data":{"createdAt":"2022-11-17T10:23:19.367Z","email":"ore@gmail.com","token":"eyJhbGciOiJIUzI1NiIsInR5cCI6IkpXVCJ9.eyJfaWQiOiI2Mzc2MGI5NzUxZjdmNDZiZTZjM2U5OTUiLCJlbWFpbCI6Im9yZUBnbWFpbC5jb20iLCJwYXNzd29yZCI6IiQyYiQxMCRrVXF5Znk5TC92TDNxWGVOTWRvN2p1Vi5hbXlhYnhXS3FSbFZwUG1zNTlUejJtLmlDVDZMcSIsImlhdCI6MTY2OTE5NDgzNSwiZXhwIjoxNjY5MjgxMjM1fQ.2ExVhA-78vEF98nrjSSKfRoW-gD9D2SQyfyW_QvuXmA","updatedAt":"2022-11-17T10:23:19.367Z"},"level":"info","message":"Login successful","service":"user-service","status":"success","timestamp":"2022-11-23T09:13:55.557Z"}
{"level":"info","message":"app is running on port 8000","service":"user-service","timestamp":"2022-11-23T11:06:23.960Z"}
{"level":"info","message":"app is running on port 8000","service":"user-service","timestamp":"2022-11-23T11:10:20.062Z"}
{"level":"info","message":"app is running on port 8000","service":"user-service","timestamp":"2022-11-23T11:10:40.705Z"}
{"level":"info","message":"app is running on port 8000","service":"user-service","timestamp":"2022-11-23T11:10:43.327Z"}
{"level":"info","message":"app is running on port 8000","service":"user-service","timestamp":"2022-11-23T11:11:00.645Z"}
{"level":"info","message":"app is running on port 8000","service":"user-service","timestamp":"2022-11-23T11:13:36.229Z"}
{"level":"info","message":"app is running on port 8000","service":"user-service","timestamp":"2022-11-23T11:13:48.632Z"}
{"level":"info","message":"app is running on port 8000","service":"user-service","timestamp":"2022-11-23T11:13:48.633Z"}
{"level":"info","message":"app is running on port 8000","service":"user-service","timestamp":"2022-11-23T11:13:59.525Z"}
{"level":"info","message":"","service":"user-service","timestamp":"2022-11-23T11:13:59.526Z"}
{"level":"info","message":"app is running on port 8000","service":"user-service","timestamp":"2022-11-23T11:14:13.145Z"}
{"level":"info","message":"class Queue {\n  channel;\n\n  async createChannel() {\n    const connection = await amqp.connect(config.rabbitMQ.url);\n    this.channel = await connection.createChannel();\n  }\n\n   async publishMessage(routingKey, message) {\n    if (!this.channel) {\n      await this.createChannel();\n    }\n\n    const exchangeName = config.rabbitMQ.exchangeName;\n    await this.channel.assertExchange(exchangeName, \"direct\");\n\n    const logDetails = {\n      logType: routingKey,\n      message: message,\n      dateTime: new Date(),\n    };\n    await this.channel.publish(\n      exchangeName,\n      routingKey,\n      Buffer.from(JSON.stringify(logDetails))\n    );\n\n    console.log(\n      `The new ${routingKey} log is sent to exchange ${exchangeName}`\n    );\n  }\n}","service":"user-service","timestamp":"2022-11-23T11:14:13.146Z"}
{"level":"info","message":"app is running on port 8000","service":"user-service","timestamp":"2022-11-23T11:14:45.607Z"}
{"level":"info","message":"undefined","service":"user-service","timestamp":"2022-11-23T11:14:45.608Z"}
{"level":"info","message":"app is running on port 8000","service":"user-service","timestamp":"2022-11-23T11:14:46.667Z"}
{"level":"info","message":"undefined","service":"user-service","timestamp":"2022-11-23T11:14:46.668Z"}
{"level":"info","message":"app is running on port 8000","service":"user-service","timestamp":"2022-11-23T11:14:50.168Z"}
{"level":"info","message":"undefined","service":"user-service","timestamp":"2022-11-23T11:14:50.169Z"}
{"level":"info","message":"app is running on port 8000","service":"user-service","timestamp":"2022-11-23T11:14:51.696Z"}
{"level":"info","message":"undefined","service":"user-service","timestamp":"2022-11-23T11:14:51.697Z"}
{"level":"info","message":"app is running on port 8000","service":"user-service","timestamp":"2022-11-23T11:14:52.705Z"}
{"level":"info","message":"undefined","service":"user-service","timestamp":"2022-11-23T11:14:52.706Z"}
{"level":"info","message":"app is running on port 8000","service":"user-service","timestamp":"2022-11-23T11:14:53.716Z"}
{"level":"info","message":"undefined","service":"user-service","timestamp":"2022-11-23T11:14:53.717Z"}
{"level":"info","message":"app is running on port 8000","service":"user-service","timestamp":"2022-11-23T11:15:14.303Z"}
{"level":"info","message":"undefined","service":"user-service","timestamp":"2022-11-23T11:15:14.304Z"}
{"level":"info","message":"app is running on port 8000","service":"user-service","timestamp":"2022-11-23T11:17:19.586Z"}
{"level":"info","message":"undefined","service":"user-service","timestamp":"2022-11-23T11:17:19.589Z"}
{"level":"info","message":"app is running on port 8000","service":"user-service","timestamp":"2022-11-23T11:18:03.187Z"}
{"level":"info","message":"undefined","service":"user-service","timestamp":"2022-11-23T11:18:03.189Z"}
{"level":"info","message":"app is running on port 8000","service":"user-service","timestamp":"2022-11-23T11:18:20.896Z"}
{"level":"info","message":"undefined","service":"user-service","timestamp":"2022-11-23T11:18:20.897Z"}
{"level":"info","message":"app is running on port 8000","service":"user-service","timestamp":"2022-11-23T11:18:22.616Z"}
{"level":"info","message":"undefined","service":"user-service","timestamp":"2022-11-23T11:18:22.617Z"}
{"level":"info","message":"app is running on port 8000","service":"user-service","timestamp":"2022-11-23T11:18:35.781Z"}
{"level":"info","message":"async createChannel() {\n    const connection = await amqp.connect(config.rabbitMQ.url);\n    this.channel = await connection.createChannel();\n  }","service":"user-service","timestamp":"2022-11-23T11:18:35.782Z"}
{"level":"info","message":"app is running on port 8000","service":"user-service","timestamp":"2022-11-23T11:19:54.834Z"}
{"level":"info","message":"async createChannel() {\n    const connection = await amqp.connect(config.rabbitMQ.url);\n    this.channel = await connection.createChannel();\n  }","service":"user-service","timestamp":"2022-11-23T11:19:54.835Z"}
{"level":"info","message":"app is running on port 8000","service":"user-service","timestamp":"2022-11-23T11:19:58.094Z"}
{"level":"info","message":"async createChannel() {\n    const connection = await amqp.connect(config.rabbitMQ.url);\n    this.channel = await connection.createChannel();\n  }","service":"user-service","timestamp":"2022-11-23T11:19:58.095Z"}
{"level":"info","message":"app is running on port 8000","service":"user-service","timestamp":"2022-11-23T11:20:47.301Z"}
{"level":"info","message":"async createChannel() {\n    const connection = await amqp.connect(config.rabbitMQ.url);\n    this.channel = await connection.createChannel();\n  }","service":"user-service","timestamp":"2022-11-23T11:20:47.302Z"}
{"level":"info","message":"app is running on port 8000","service":"user-service","timestamp":"2022-11-23T11:21:06.589Z"}
{"level":"info","message":"async createChannel() {\n    const connection = await amqp.connect(config.rabbitMQ.url);\n    this.channel = await connection.createChannel();\n  }","service":"user-service","timestamp":"2022-11-23T11:21:06.590Z"}
{"level":"info","message":"app is running on port 8000","service":"user-service","timestamp":"2022-11-23T11:21:23.587Z"}
{"level":"info","message":"async createChannel() {\n    const connection = await amqp.connect(config.rabbitMQ.url);\n    this.channel = await connection.createChannel();\n  }","service":"user-service","timestamp":"2022-11-23T11:21:23.587Z"}
{"level":"info","message":"app is running on port 8000","service":"user-service","timestamp":"2022-11-23T11:21:54.209Z"}
{"level":"info","message":"async createChannel() {\n    const connection = await amqp.connect(config.rabbitMQ.url);\n    this.channel = await connection.createChannel();\n  }","service":"user-service","timestamp":"2022-11-23T11:21:54.211Z"}
{"level":"info","message":"app is running on port 8000","service":"user-service","timestamp":"2022-11-23T11:22:01.055Z"}
{"level":"info","message":"async createChannel() {\n    const connection = await amqp.connect(config.rabbitMQ.url);\n    this.channel = await connection.createChannel();\n  }","service":"user-service","timestamp":"2022-11-23T11:22:01.056Z"}
{"level":"info","message":"app is running on port 8000","service":"user-service","timestamp":"2022-11-23T11:22:17.363Z"}
{"level":"info","message":"async createChannel() {\n    const connection = await amqp.connect(config.rabbitMQ.url);\n    this.channel = await connection.createChannel();\n  }","service":"user-service","timestamp":"2022-11-23T11:22:17.364Z"}
{"level":"info","message":"app is running on port 8000","service":"user-service","timestamp":"2022-11-23T11:23:13.067Z"}
{"level":"info","message":"async createChannel() {\n    const connection = await amqp.connect(config.rabbitMQ.url);\n    return await connection.createChannel();\n  }","service":"user-service","timestamp":"2022-11-23T11:23:13.068Z"}
{"level":"info","message":"app is running on port 8000","service":"user-service","timestamp":"2022-11-23T11:24:20.457Z"}
{"level":"info","message":"async createChannel() {\n    const connection = await amqp.connect(config.rabbitMQ.url);\n    return await connection.createChannel();\n  }","service":"user-service","timestamp":"2022-11-23T11:24:20.459Z"}
{"level":"info","message":"app is running on port 8000","service":"user-service","timestamp":"2022-11-23T11:24:43.982Z"}
{"level":"info","message":"app is running on port 8000","service":"user-service","timestamp":"2022-11-23T11:24:50.189Z"}
{"level":"info","message":"async createChannel() {\n    const connection = await amqp.connect(config.rabbitMQ.url);\n    return await connection.createChannel();\n  }","service":"user-service","timestamp":"2022-11-23T11:24:50.190Z"}
{"level":"info","message":"app is running on port 8000","service":"user-service","timestamp":"2022-11-23T11:25:48.620Z"}
{"level":"info","message":"async createChannel() {\n    const connection = await amqp.connect(config.rabbitMQ.url);\n    return await connection.createChannel();\n  }","service":"user-service","timestamp":"2022-11-23T11:25:48.621Z"}
{"level":"info","message":"app is running on port 8000","service":"user-service","timestamp":"2022-11-23T11:26:27.269Z"}
{"level":"info","message":"async createChannel() {\n    const connection = await amqp.connect(config.rabbitMQ.url);\n    return await connection.createChannel();\n    \n  }","service":"user-service","timestamp":"2022-11-23T11:26:27.270Z"}
{"level":"info","message":"app is running on port 8000","service":"user-service","timestamp":"2022-11-23T11:26:37.483Z"}
{"level":"info","message":"async createChannel() {\n    const connection = await amqp.connect(config.rabbitMQ.url);\n    \n    return await connection.createChannel();\n\n  }","service":"user-service","timestamp":"2022-11-23T11:26:37.483Z"}
{"level":"info","message":"app is running on port 8000","service":"user-service","timestamp":"2022-11-23T11:27:29.576Z"}
{"level":"info","message":"async createChannel() {\n    const connection = await amqp.connect(config.rabbitMQ.url);\n    \n    return await connection.createChannel();\n\n  }","service":"user-service","timestamp":"2022-11-23T11:27:29.578Z"}
{"level":"info","message":"app is running on port 8000","service":"user-service","timestamp":"2022-11-23T11:27:31.134Z"}
{"level":"info","message":"async createChannel() {\n    const connection = await amqp.connect(config.rabbitMQ.url);\n    \n    return await connection.createChannel();\n\n  }","service":"user-service","timestamp":"2022-11-23T11:27:31.135Z"}
{"level":"info","message":"app is running on port 8000","service":"user-service","timestamp":"2022-11-23T11:27:33.176Z"}
{"level":"info","message":"app is running on port 8000","service":"user-service","timestamp":"2022-11-23T11:28:07.050Z"}
{"level":"info","message":"app is running on port 8000","service":"user-service","timestamp":"2022-11-23T11:28:07.879Z"}
{"level":"info","message":"app is running on port 8000","service":"user-service","timestamp":"2022-11-23T11:34:11.863Z"}
{"level":"info","message":"[object Promise]","service":"user-service","timestamp":"2022-11-23T11:34:11.865Z"}
{"level":"info","message":"app is running on port 8000","service":"user-service","timestamp":"2022-11-23T11:34:59.008Z"}
{"level":"info","message":"[object Promise]","service":"user-service","timestamp":"2022-11-23T11:34:59.010Z"}
{"level":"info","message":"app is running on port 8000","service":"user-service","timestamp":"2022-11-23T11:35:05.765Z"}
{"level":"info","message":"app is running on port 8000","service":"user-service","timestamp":"2022-11-23T11:35:25.521Z"}
{"level":"info","message":"[object Promise]","service":"user-service","timestamp":"2022-11-23T11:35:25.524Z"}
{"level":"info","message":"app is running on port 8000","service":"user-service","timestamp":"2022-11-23T11:35:37.739Z"}
{"level":"info","message":"[object Promise]","service":"user-service","timestamp":"2022-11-23T11:35:37.741Z"}
{"level":"info","message":"app is running on port 8000","service":"user-service","timestamp":"2022-11-23T11:35:56.974Z"}
{"level":"info","message":"app is running on port 8000","service":"user-service","timestamp":"2022-11-23T11:35:57.571Z"}
{"level":"info","message":"app is running on port 8000","service":"user-service","timestamp":"2022-11-23T11:36:00.244Z"}
{"level":"info","message":"app is running on port 8000","service":"user-service","timestamp":"2022-11-23T11:36:02.435Z"}
{"level":"info","message":"app is running on port 8000","service":"user-service","timestamp":"2022-11-23T11:36:04.330Z"}
{"level":"info","message":"app is running on port 8000","service":"user-service","timestamp":"2022-11-23T11:36:07.084Z"}
{"level":"info","message":"[object Promise]","service":"user-service","timestamp":"2022-11-23T11:36:07.086Z"}
{"level":"info","message":"app is running on port 8000","service":"user-service","timestamp":"2022-11-23T11:36:12.891Z"}
{"level":"info","message":"app is running on port 8000","service":"user-service","timestamp":"2022-11-23T11:36:16.458Z"}
{"level":"info","message":"[object Promise]","service":"user-service","timestamp":"2022-11-23T11:36:16.460Z"}
{"level":"info","message":"app is running on port 8000","service":"user-service","timestamp":"2022-11-23T11:36:19.794Z"}
{"level":"info","message":"[object Promise]","service":"user-service","timestamp":"2022-11-23T11:36:19.796Z"}
{"level":"info","message":"app is running on port 8000","service":"user-service","timestamp":"2022-11-23T11:36:20.979Z"}
{"level":"info","message":"app is running on port 8000","service":"user-service","timestamp":"2022-11-23T11:36:28.325Z"}
{"level":"info","message":"app is running on port 8000","service":"user-service","timestamp":"2022-11-23T11:37:01.975Z"}
{"level":"info","message":"app is running on port 8000","service":"user-service","timestamp":"2022-11-23T11:37:27.350Z"}
{"level":"info","message":"app is running on port 8000","service":"user-service","timestamp":"2022-11-23T11:37:35.466Z"}
{"level":"info","message":"[object Promise]","service":"user-service","timestamp":"2022-11-23T11:37:35.468Z"}
{"level":"info","message":"app is running on port 8000","service":"user-service","timestamp":"2022-11-23T11:37:43.924Z"}
{"level":"info","message":"app is running on port 8000","service":"user-service","timestamp":"2022-11-23T11:37:48.522Z"}
{"level":"info","message":"[object Promise]","service":"user-service","timestamp":"2022-11-23T11:37:48.524Z"}
{"level":"info","message":"app is running on port 8000","service":"user-service","timestamp":"2022-11-23T11:37:50.039Z"}
{"level":"info","message":"app is running on port 8000","service":"user-service","timestamp":"2022-11-23T11:37:58.899Z"}
{"level":"info","message":"app is running on port 8000","service":"user-service","timestamp":"2022-11-23T11:37:59.926Z"}
{"level":"info","message":"app is running on port 8000","service":"user-service","timestamp":"2022-11-23T11:38:03.154Z"}
{"level":"info","message":"app is running on port 8000","service":"user-service","timestamp":"2022-11-23T11:38:20.861Z"}
{"level":"info","message":"[object Promise]","service":"user-service","timestamp":"2022-11-23T11:38:20.863Z"}
{"level":"info","message":"app is running on port 8000","service":"user-service","timestamp":"2022-11-23T11:39:09.664Z"}
{"level":"info","message":"app is running on port 8000","service":"user-service","timestamp":"2022-11-23T11:39:17.916Z"}
{"level":"info","message":"[object Promise]","service":"user-service","timestamp":"2022-11-23T11:39:17.918Z"}
{"level":"info","message":"app is running on port 8000","service":"user-service","timestamp":"2022-11-23T11:39:28.729Z"}
{"level":"info","message":"app is running on port 8000","service":"user-service","timestamp":"2022-11-23T11:39:44.592Z"}
{"level":"info","message":"app is running on port 8000","service":"user-service","timestamp":"2022-11-23T11:40:03.731Z"}
{"level":"info","message":"app is running on port 8000","service":"user-service","timestamp":"2022-11-23T11:44:15.974Z"}
{"level":"info","message":"app is running on port 8000","service":"user-service","timestamp":"2022-11-23T11:45:04.771Z"}
{"level":"info","message":"[object Promise]","service":"user-service","timestamp":"2022-11-23T11:45:04.777Z"}
{"level":"info","message":"app is running on port 8000","service":"user-service","timestamp":"2022-11-23T11:45:16.889Z"}
{"level":"info","message":"app is running on port 8000","service":"user-service","timestamp":"2022-11-23T11:45:18.725Z"}
{"level":"info","message":"app is running on port 8000","service":"user-service","timestamp":"2022-11-23T11:45:25.401Z"}
{"level":"info","message":"app is running on port 8000","service":"user-service","timestamp":"2022-11-23T11:45:26.119Z"}
{"level":"info","message":"[object Promise]","service":"user-service","timestamp":"2022-11-23T11:45:26.121Z"}
{"level":"info","message":"app is running on port 8000","service":"user-service","timestamp":"2022-11-23T11:45:39.850Z"}
{"level":"info","message":"app is running on port 8000","service":"user-service","timestamp":"2022-11-23T11:46:33.861Z"}
{"level":"info","message":"app is running on port 8000","service":"user-service","timestamp":"2022-11-23T11:46:46.710Z"}
{"level":"info","message":"app is running on port 8000","service":"user-service","timestamp":"2022-11-23T11:46:47.808Z"}
{"level":"info","message":"app is running on port 8000","service":"user-service","timestamp":"2022-11-23T11:46:52.202Z"}
{"level":"info","message":"app is running on port 8000","service":"user-service","timestamp":"2022-11-23T11:46:53.752Z"}
{"level":"info","message":"app is running on port 8000","service":"user-service","timestamp":"2022-11-23T11:47:35.073Z"}
{"level":"info","message":"app is running on port 8000","service":"user-service","timestamp":"2022-11-23T11:47:40.515Z"}
{"level":"info","message":"app is running on port 8000","service":"user-service","timestamp":"2022-11-23T11:47:44.276Z"}
{"level":"info","message":"app is running on port 8000","service":"user-service","timestamp":"2022-11-23T11:47:48.069Z"}
{"level":"info","message":"app is running on port 8000","service":"user-service","timestamp":"2022-11-23T11:47:56.005Z"}
{"level":"info","message":"app is running on port 8000","service":"user-service","timestamp":"2022-11-23T11:47:56.634Z"}
{"level":"info","message":"app is running on port 8000","service":"user-service","timestamp":"2022-11-23T11:48:03.333Z"}
{"level":"info","message":"app is running on port 8000","service":"user-service","timestamp":"2022-11-23T11:48:26.639Z"}
{"level":"info","message":"app is running on port 8000","service":"user-service","timestamp":"2022-11-23T11:48:45.980Z"}
{"level":"info","message":"app is running on port 8000","service":"user-service","timestamp":"2022-11-23T11:48:55.882Z"}
{"level":"info","message":"app is running on port 8000","service":"user-service","timestamp":"2022-11-23T11:49:57.062Z"}
{"level":"info","message":"[object Object]","service":"user-service","timestamp":"2022-11-23T11:49:57.064Z"}
{"level":"info","message":"app is running on port 8000","service":"user-service","timestamp":"2022-11-23T11:50:05.279Z"}
{"level":"info","message":"async publishMessage(routingKey, message) {\n    if (!this.channel) {\n      await this.createChannel();\n    }\n\n    const exchangeName = config.rabbitMQ.exchangeName;\n    await this.channel.assertExchange(exchangeName, 'direct');\n\n    const logDetails = {\n      logType: routingKey,\n      message: message,\n      dateTime: new Date(),\n    };\n    await this.channel.publish(\n      exchangeName,\n      routingKey,\n      Buffer.from(JSON.stringify(logDetails))\n    );\n\n    console.log(\n      `The new ${routingKey} log is sent to exchange ${exchangeName}`\n    );\n  }","service":"user-service","timestamp":"2022-11-23T11:50:05.280Z"}
{"level":"info","message":"app is running on port 8000","service":"user-service","timestamp":"2022-11-23T11:50:08.430Z"}
{"level":"info","message":"undefined","service":"user-service","timestamp":"2022-11-23T11:50:08.431Z"}
{"level":"info","message":"app is running on port 8000","service":"user-service","timestamp":"2022-11-23T11:50:09.559Z"}
{"level":"info","message":"async createChannel() {\n    const connection = await amqp.connect(config.rabbitMQ.url);\n    return connection.createChannel();\n  }","service":"user-service","timestamp":"2022-11-23T11:50:09.560Z"}
{"level":"info","message":"app is running on port 8000","service":"user-service","timestamp":"2022-11-23T11:50:17.481Z"}
{"level":"info","message":"app is running on port 8000","service":"user-service","timestamp":"2022-11-23T11:52:08.245Z"}
{"level":"info","message":"app is running on port 8000","service":"user-service","timestamp":"2022-11-23T11:53:17.488Z"}
{"level":"info","message":"[object Object]","service":"user-service","timestamp":"2022-11-23T11:53:17.664Z"}
{"level":"info","message":"app is running on port 8000","service":"user-service","timestamp":"2022-11-23T11:53:42.969Z"}
{"level":"info","message":"[object Object]","service":"user-service","timestamp":"2022-11-23T11:53:43.116Z"}
{"level":"info","message":"app is running on port 8000","service":"user-service","timestamp":"2022-11-23T11:53:50.469Z"}
{"level":"info","message":"[object Object]","service":"user-service","timestamp":"2022-11-23T11:53:50.514Z"}
{"level":"info","message":"app is running on port 8000","service":"user-service","timestamp":"2022-11-23T11:54:03.574Z"}
{"level":"info","message":"[object Object]","service":"user-service","timestamp":"2022-11-23T11:54:03.716Z"}
{"level":"info","message":"app is running on port 8000","service":"user-service","timestamp":"2022-11-23T11:54:41.740Z"}
{"level":"info","message":"[object Object]","service":"user-service","timestamp":"2022-11-23T11:54:41.867Z"}
{"level":"info","message":"app is running on port 8000","service":"user-service","timestamp":"2022-11-23T11:55:33.354Z"}
{"level":"info","message":"app is running on port 8000","service":"user-service","timestamp":"2022-11-23T11:55:35.635Z"}
{"level":"info","message":"[object Object]","service":"user-service","timestamp":"2022-11-23T11:55:35.730Z"}
{"level":"info","message":"app is running on port 8000","service":"user-service","timestamp":"2022-11-23T11:55:38.605Z"}
{"level":"info","message":"[object Object]","service":"user-service","timestamp":"2022-11-23T11:55:38.692Z"}
{"level":"info","message":"app is running on port 8000","service":"user-service","timestamp":"2022-11-23T11:55:40.095Z"}
{"level":"info","message":"[object Object]","service":"user-service","timestamp":"2022-11-23T11:55:40.298Z"}
{"level":"info","message":"app is running on port 8000","service":"user-service","timestamp":"2022-11-23T11:55:43.952Z"}
{"level":"info","message":"app is running on port 8000","service":"user-service","timestamp":"2022-11-23T11:55:46.889Z"}
{"level":"info","message":"app is running on port 8000","service":"user-service","timestamp":"2022-11-23T11:55:49.748Z"}
{"level":"info","message":"app is running on port 8000","service":"user-service","timestamp":"2022-11-23T11:55:52.330Z"}
{"level":"info","message":"app is running on port 8000","service":"user-service","timestamp":"2022-11-23T11:55:54.637Z"}
{"level":"info","message":"[object Object]","service":"user-service","timestamp":"2022-11-23T11:55:54.716Z"}
{"level":"info","message":"app is running on port 8000","service":"user-service","timestamp":"2022-11-23T11:57:10.643Z"}
{"_events":{},"_eventsCount":0,"connection":{"_events":{},"_eventsCount":5,"channelMax":2047,"channels":[{"buffer":{"_events":{"end":[null,null],"error":[null,null]},"_eventsCount":4,"_hadError":false,"_host":"localhost","_parent":null,"_pendingData":null,"_pendingEncoding":"","_readableState":{"autoDestroy":true,"awaitDrainWriters":null,"buffer":{"head":null,"length":0,"tail":null},"closeEmitted":false,"closed":false,"constructed":true,"dataEmitted":true,"decoder":null,"defaultEncoding":"utf8","destroyed":false,"emitClose":false,"emittedReadable":false,"encoding":null,"endEmitted":false,"ended":false,"errorEmitted":false,"errored":null,"flowing":false,"highWaterMark":16384,"length":0,"multiAwaitDrain":false,"needReadable":true,"objectMode":false,"pipes":[],"readableListening":true,"reading":true,"readingMore":false,"resumeScheduled":false,"sync":false},"_server":null,"_sockname":null,"_writableState":{"afterWriteTickInfo":null,"allBuffers":true,"allNoop":true,"autoDestroy":true,"bufferProcessing":false,"buffered":[],"bufferedIndex":0,"closeEmitted":false,"closed":false,"constructed":true,"corked":0,"decodeStrings":false,"defaultEncoding":"utf8","destroyed":false,"emitClose":false,"ended":false,"ending":false,"errorEmitted":false,"errored":null,"finalCalled":false,"finished":false,"highWaterMark":16384,"length":0,"needDrain":false,"objectMode":false,"pendingcb":0,"prefinished":false,"sync":false,"writecb":null,"writelen":0,"writing":false},"allowHalfOpen":false,"connecting":false,"server":null},"channel":{}}],"expectSocketClose":false,"frameMax":4096,"freeChannels":{"words":[],"wordsInUse":0},"heartbeat":60,"heartbeater":{"_events":{},"_eventsCount":2,"interval":60,"recvTimer":{"_destroyed":false,"_idleNext":{"_idleNext":"[Circular]","_idlePrev":"[Circular]","expiry":60559,"id":-9007199254740986,"msecs":60000,"priorityQueuePosition":3},"_idlePrev":{"_idleNext":"[Circular]","_idlePrev":"[Circular]","expiry":60559,"id":-9007199254740986,"msecs":60000,"priorityQueuePosition":3},"_idleStart":559,"_idleTimeout":60000,"_repeat":60000},"sendTimer":{"_destroyed":false,"_idleNext":{"_destroyed":false,"_idleNext":{"_idleNext":"[Circular]","_idlePrev":"[Circular]","expiry":30544,"id":-9007199254740988,"msecs":30000,"priorityQueuePosition":2},"_idlePrev":"[Circular]","_idleStart":547,"_idleTimeout":30000,"_repeat":null},"_idlePrev":{"_idleNext":"[Circular]","_idlePrev":{"_destroyed":false,"_idleNext":"[Circular]","_idlePrev":"[Circular]","_idleStart":547,"_idleTimeout":30000,"_repeat":null},"expiry":30544,"id":-9007199254740988,"msecs":30000,"priorityQueuePosition":2},"_idleStart":559,"_idleTimeout":30000,"_repeat":30000}},"muxer":{"blocked":false,"newStreams":[],"oldStreams":[],"out":{"_events":{"end":[null,null],"error":[null,null]},"_eventsCount":4,"_hadError":false,"_host":"localhost","_parent":null,"_pendingData":null,"_pendingEncoding":"","_readableState":{"autoDestroy":true,"awaitDrainWriters":null,"buffer":{"head":null,"length":0,"tail":null},"closeEmitted":false,"closed":false,"constructed":true,"dataEmitted":true,"decoder":null,"defaultEncoding":"utf8","destroyed":false,"emitClose":false,"emittedReadable":false,"encoding":null,"endEmitted":false,"ended":false,"errorEmitted":false,"errored":null,"flowing":false,"highWaterMark":16384,"length":0,"multiAwaitDrain":false,"needReadable":true,"objectMode":false,"pipes":[],"readableListening":true,"reading":true,"readingMore":false,"resumeScheduled":false,"sync":false},"_server":null,"_sockname":null,"_writableState":{"afterWriteTickInfo":null,"allBuffers":true,"allNoop":true,"autoDestroy":true,"bufferProcessing":false,"buffered":[],"bufferedIndex":0,"closeEmitted":false,"closed":false,"constructed":true,"corked":0,"decodeStrings":false,"defaultEncoding":"utf8","destroyed":false,"emitClose":false,"ended":false,"ending":false,"errorEmitted":false,"errored":null,"finalCalled":false,"finished":false,"highWaterMark":16384,"length":0,"needDrain":false,"objectMode":false,"pendingcb":0,"prefinished":false,"sync":false,"writecb":null,"writelen":0,"writing":false},"allowHalfOpen":false,"connecting":false,"server":null},"scheduledRead":false},"recvSinceLastCheck":true,"rest":{"data":[],"type":"Buffer"},"sentSinceLastCheck":true,"serverProperties":{"capabilities":{"authentication_failure_close":true,"basic.nack":true,"connection.blocked":true,"consumer_cancel_notify":true,"consumer_priorities":true,"direct_reply_to":true,"exchange_exchange_bindings":true,"per_consumer_qos":true,"publisher_confirms":true},"cluster_name":"rabbit@node_blog_rabbitmq","copyright":"Copyright (c) 2007-2022 VMware, Inc. or its affiliates.","information":"Licensed under the MPL 2.0. Website: https://rabbitmq.com","platform":"Erlang/OTP 24.3.2","product":"RabbitMQ","version":"3.9.13"},"stream":{"_events":{"end":[null,null],"error":[null,null]},"_eventsCount":4,"_hadError":false,"_host":"localhost","_parent":null,"_pendingData":null,"_pendingEncoding":"","_readableState":{"autoDestroy":true,"awaitDrainWriters":null,"buffer":{"head":null,"length":0,"tail":null},"closeEmitted":false,"closed":false,"constructed":true,"dataEmitted":true,"decoder":null,"defaultEncoding":"utf8","destroyed":false,"emitClose":false,"emittedReadable":false,"encoding":null,"endEmitted":false,"ended":false,"errorEmitted":false,"errored":null,"flowing":false,"highWaterMark":16384,"length":0,"multiAwaitDrain":false,"needReadable":true,"objectMode":false,"pipes":[],"readableListening":true,"reading":true,"readingMore":false,"resumeScheduled":false,"sync":false},"_server":null,"_sockname":null,"_writableState":{"afterWriteTickInfo":null,"allBuffers":true,"allNoop":true,"autoDestroy":true,"bufferProcessing":false,"buffered":[],"bufferedIndex":0,"closeEmitted":false,"closed":false,"constructed":true,"corked":0,"decodeStrings":false,"defaultEncoding":"utf8","destroyed":false,"emitClose":false,"ended":false,"ending":false,"errorEmitted":false,"errored":null,"finalCalled":false,"finished":false,"highWaterMark":16384,"length":0,"needDrain":false,"objectMode":false,"pendingcb":0,"prefinished":false,"sync":false,"writecb":null,"writelen":0,"writing":false},"allowHalfOpen":false,"connecting":false,"server":null}},"level":"info","message":">>>","service":"user-service","timestamp":"2022-11-23T11:57:10.755Z"}
{"level":"info","message":"[object Object]","service":"user-service","timestamp":"2022-11-23T11:57:10.803Z"}
{"level":"info","message":"app is running on port 8000","service":"user-service","timestamp":"2022-11-23T11:58:04.476Z"}
{"_events":{},"_eventsCount":0,"connection":{"_events":{},"_eventsCount":5,"channelMax":2047,"channels":[{"buffer":{"_events":{"end":[null,null],"error":[null,null]},"_eventsCount":4,"_hadError":false,"_host":"localhost","_parent":null,"_pendingData":null,"_pendingEncoding":"","_readableState":{"autoDestroy":true,"awaitDrainWriters":null,"buffer":{"head":null,"length":0,"tail":null},"closeEmitted":false,"closed":false,"constructed":true,"dataEmitted":true,"decoder":null,"defaultEncoding":"utf8","destroyed":false,"emitClose":false,"emittedReadable":false,"encoding":null,"endEmitted":false,"ended":false,"errorEmitted":false,"errored":null,"flowing":false,"highWaterMark":16384,"length":0,"multiAwaitDrain":false,"needReadable":true,"objectMode":false,"pipes":[],"readableListening":true,"reading":true,"readingMore":false,"resumeScheduled":false,"sync":false},"_server":null,"_sockname":null,"_writableState":{"afterWriteTickInfo":null,"allBuffers":true,"allNoop":true,"autoDestroy":true,"bufferProcessing":false,"buffered":[],"bufferedIndex":0,"closeEmitted":false,"closed":false,"constructed":true,"corked":0,"decodeStrings":false,"defaultEncoding":"utf8","destroyed":false,"emitClose":false,"ended":false,"ending":false,"errorEmitted":false,"errored":null,"finalCalled":false,"finished":false,"highWaterMark":16384,"length":0,"needDrain":false,"objectMode":false,"pendingcb":0,"prefinished":false,"sync":false,"writecb":null,"writelen":0,"writing":false},"allowHalfOpen":false,"connecting":false,"server":null},"channel":{}}],"expectSocketClose":false,"frameMax":4096,"freeChannels":{"words":[],"wordsInUse":0},"heartbeat":60,"heartbeater":{"_events":{},"_eventsCount":2,"interval":60,"recvTimer":{"_destroyed":false,"_idleNext":{"_idleNext":"[Circular]","_idlePrev":"[Circular]","expiry":60818,"id":-9007199254740986,"msecs":60000,"priorityQueuePosition":3},"_idlePrev":{"_idleNext":"[Circular]","_idlePrev":"[Circular]","expiry":60818,"id":-9007199254740986,"msecs":60000,"priorityQueuePosition":3},"_idleStart":818,"_idleTimeout":60000,"_repeat":60000},"sendTimer":{"_destroyed":false,"_idleNext":{"_idleNext":"[Circular]","_idlePrev":"[Circular]","expiry":30798,"id":-9007199254740988,"msecs":30000,"priorityQueuePosition":2},"_idlePrev":{"_idleNext":"[Circular]","_idlePrev":"[Circular]","expiry":30798,"id":-9007199254740988,"msecs":30000,"priorityQueuePosition":2},"_idleStart":818,"_idleTimeout":30000,"_repeat":30000}},"muxer":{"blocked":false,"newStreams":[],"oldStreams":[],"out":{"_events":{"end":[null,null],"error":[null,null]},"_eventsCount":4,"_hadError":false,"_host":"localhost","_parent":null,"_pendingData":null,"_pendingEncoding":"","_readableState":{"autoDestroy":true,"awaitDrainWriters":null,"buffer":{"head":null,"length":0,"tail":null},"closeEmitted":false,"closed":false,"constructed":true,"dataEmitted":true,"decoder":null,"defaultEncoding":"utf8","destroyed":false,"emitClose":false,"emittedReadable":false,"encoding":null,"endEmitted":false,"ended":false,"errorEmitted":false,"errored":null,"flowing":false,"highWaterMark":16384,"length":0,"multiAwaitDrain":false,"needReadable":true,"objectMode":false,"pipes":[],"readableListening":true,"reading":true,"readingMore":false,"resumeScheduled":false,"sync":false},"_server":null,"_sockname":null,"_writableState":{"afterWriteTickInfo":null,"allBuffers":true,"allNoop":true,"autoDestroy":true,"bufferProcessing":false,"buffered":[],"bufferedIndex":0,"closeEmitted":false,"closed":false,"constructed":true,"corked":0,"decodeStrings":false,"defaultEncoding":"utf8","destroyed":false,"emitClose":false,"ended":false,"ending":false,"errorEmitted":false,"errored":null,"finalCalled":false,"finished":false,"highWaterMark":16384,"length":0,"needDrain":false,"objectMode":false,"pendingcb":0,"prefinished":false,"sync":false,"writecb":null,"writelen":0,"writing":false},"allowHalfOpen":false,"connecting":false,"server":null},"scheduledRead":false},"recvSinceLastCheck":true,"rest":{"data":[],"type":"Buffer"},"sentSinceLastCheck":true,"serverProperties":{"capabilities":{"authentication_failure_close":true,"basic.nack":true,"connection.blocked":true,"consumer_cancel_notify":true,"consumer_priorities":true,"direct_reply_to":true,"exchange_exchange_bindings":true,"per_consumer_qos":true,"publisher_confirms":true},"cluster_name":"rabbit@node_blog_rabbitmq","copyright":"Copyright (c) 2007-2022 VMware, Inc. or its affiliates.","information":"Licensed under the MPL 2.0. Website: https://rabbitmq.com","platform":"Erlang/OTP 24.3.2","product":"RabbitMQ","version":"3.9.13"},"stream":{"_events":{"end":[null,null],"error":[null,null]},"_eventsCount":4,"_hadError":false,"_host":"localhost","_parent":null,"_pendingData":null,"_pendingEncoding":"","_readableState":{"autoDestroy":true,"awaitDrainWriters":null,"buffer":{"head":null,"length":0,"tail":null},"closeEmitted":false,"closed":false,"constructed":true,"dataEmitted":true,"decoder":null,"defaultEncoding":"utf8","destroyed":false,"emitClose":false,"emittedReadable":false,"encoding":null,"endEmitted":false,"ended":false,"errorEmitted":false,"errored":null,"flowing":false,"highWaterMark":16384,"length":0,"multiAwaitDrain":false,"needReadable":true,"objectMode":false,"pipes":[],"readableListening":true,"reading":true,"readingMore":false,"resumeScheduled":false,"sync":false},"_server":null,"_sockname":null,"_writableState":{"afterWriteTickInfo":null,"allBuffers":true,"allNoop":true,"autoDestroy":true,"bufferProcessing":false,"buffered":[],"bufferedIndex":0,"closeEmitted":false,"closed":false,"constructed":true,"corked":0,"decodeStrings":false,"defaultEncoding":"utf8","destroyed":false,"emitClose":false,"ended":false,"ending":false,"errorEmitted":false,"errored":null,"finalCalled":false,"finished":false,"highWaterMark":16384,"length":0,"needDrain":false,"objectMode":false,"pendingcb":0,"prefinished":false,"sync":false,"writecb":null,"writelen":0,"writing":false},"allowHalfOpen":false,"connecting":false,"server":null}},"level":"info","message":">>>","service":"user-service","timestamp":"2022-11-23T11:58:04.553Z"}
{"level":"info","message":"[object Object]","service":"user-service","timestamp":"2022-11-23T11:58:04.560Z"}
{"level":"info","message":"app is running on port 8000","service":"user-service","timestamp":"2022-11-23T11:58:37.570Z"}
{"level":"info","message":"[object Object]","service":"user-service","timestamp":"2022-11-23T11:58:37.622Z"}
{"level":"info","message":"app is running on port 8000","service":"user-service","timestamp":"2022-11-23T11:58:39.526Z"}
{"_events":{},"_eventsCount":0,"connection":{"_events":{},"_eventsCount":5,"channelMax":2047,"channels":[{"buffer":{"_events":{"end":[null,null],"error":[null,null]},"_eventsCount":4,"_hadError":false,"_host":"localhost","_parent":null,"_pendingData":null,"_pendingEncoding":"","_readableState":{"autoDestroy":true,"awaitDrainWriters":null,"buffer":{"head":null,"length":0,"tail":null},"closeEmitted":false,"closed":false,"constructed":true,"dataEmitted":true,"decoder":null,"defaultEncoding":"utf8","destroyed":false,"emitClose":false,"emittedReadable":false,"encoding":null,"endEmitted":false,"ended":false,"errorEmitted":false,"errored":null,"flowing":false,"highWaterMark":16384,"length":0,"multiAwaitDrain":false,"needReadable":true,"objectMode":false,"pipes":[],"readableListening":true,"reading":true,"readingMore":false,"resumeScheduled":false,"sync":false},"_server":null,"_sockname":null,"_writableState":{"afterWriteTickInfo":null,"allBuffers":true,"allNoop":true,"autoDestroy":true,"bufferProcessing":false,"buffered":[],"bufferedIndex":0,"closeEmitted":false,"closed":false,"constructed":true,"corked":0,"decodeStrings":false,"defaultEncoding":"utf8","destroyed":false,"emitClose":false,"ended":false,"ending":false,"errorEmitted":false,"errored":null,"finalCalled":false,"finished":false,"highWaterMark":16384,"length":0,"needDrain":false,"objectMode":false,"pendingcb":0,"prefinished":false,"sync":false,"writecb":null,"writelen":0,"writing":false},"allowHalfOpen":false,"connecting":false,"server":null},"channel":{}}],"expectSocketClose":false,"frameMax":4096,"freeChannels":{"words":[],"wordsInUse":0},"heartbeat":60,"heartbeater":{"_events":{},"_eventsCount":2,"interval":60,"recvTimer":{"_destroyed":false,"_idleNext":{"_idleNext":"[Circular]","_idlePrev":"[Circular]","expiry":60457,"id":-9007199254740986,"msecs":60000,"priorityQueuePosition":3},"_idlePrev":{"_idleNext":"[Circular]","_idlePrev":"[Circular]","expiry":60457,"id":-9007199254740986,"msecs":60000,"priorityQueuePosition":3},"_idleStart":457,"_idleTimeout":60000,"_repeat":60000},"sendTimer":{"_destroyed":false,"_idleNext":{"_idleNext":"[Circular]","_idlePrev":"[Circular]","expiry":30400,"id":-9007199254740988,"msecs":30000,"priorityQueuePosition":2},"_idlePrev":{"_idleNext":"[Circular]","_idlePrev":"[Circular]","expiry":30400,"id":-9007199254740988,"msecs":30000,"priorityQueuePosition":2},"_idleStart":457,"_idleTimeout":30000,"_repeat":30000}},"muxer":{"blocked":false,"newStreams":[],"oldStreams":[],"out":{"_events":{"end":[null,null],"error":[null,null]},"_eventsCount":4,"_hadError":false,"_host":"localhost","_parent":null,"_pendingData":null,"_pendingEncoding":"","_readableState":{"autoDestroy":true,"awaitDrainWriters":null,"buffer":{"head":null,"length":0,"tail":null},"closeEmitted":false,"closed":false,"constructed":true,"dataEmitted":true,"decoder":null,"defaultEncoding":"utf8","destroyed":false,"emitClose":false,"emittedReadable":false,"encoding":null,"endEmitted":false,"ended":false,"errorEmitted":false,"errored":null,"flowing":false,"highWaterMark":16384,"length":0,"multiAwaitDrain":false,"needReadable":true,"objectMode":false,"pipes":[],"readableListening":true,"reading":true,"readingMore":false,"resumeScheduled":false,"sync":false},"_server":null,"_sockname":null,"_writableState":{"afterWriteTickInfo":null,"allBuffers":true,"allNoop":true,"autoDestroy":true,"bufferProcessing":false,"buffered":[],"bufferedIndex":0,"closeEmitted":false,"closed":false,"constructed":true,"corked":0,"decodeStrings":false,"defaultEncoding":"utf8","destroyed":false,"emitClose":false,"ended":false,"ending":false,"errorEmitted":false,"errored":null,"finalCalled":false,"finished":false,"highWaterMark":16384,"length":0,"needDrain":false,"objectMode":false,"pendingcb":0,"prefinished":false,"sync":false,"writecb":null,"writelen":0,"writing":false},"allowHalfOpen":false,"connecting":false,"server":null},"scheduledRead":false},"recvSinceLastCheck":true,"rest":{"data":[],"type":"Buffer"},"sentSinceLastCheck":true,"serverProperties":{"capabilities":{"authentication_failure_close":true,"basic.nack":true,"connection.blocked":true,"consumer_cancel_notify":true,"consumer_priorities":true,"direct_reply_to":true,"exchange_exchange_bindings":true,"per_consumer_qos":true,"publisher_confirms":true},"cluster_name":"rabbit@node_blog_rabbitmq","copyright":"Copyright (c) 2007-2022 VMware, Inc. or its affiliates.","information":"Licensed under the MPL 2.0. Website: https://rabbitmq.com","platform":"Erlang/OTP 24.3.2","product":"RabbitMQ","version":"3.9.13"},"stream":{"_events":{"end":[null,null],"error":[null,null]},"_eventsCount":4,"_hadError":false,"_host":"localhost","_parent":null,"_pendingData":null,"_pendingEncoding":"","_readableState":{"autoDestroy":true,"awaitDrainWriters":null,"buffer":{"head":null,"length":0,"tail":null},"closeEmitted":false,"closed":false,"constructed":true,"dataEmitted":true,"decoder":null,"defaultEncoding":"utf8","destroyed":false,"emitClose":false,"emittedReadable":false,"encoding":null,"endEmitted":false,"ended":false,"errorEmitted":false,"errored":null,"flowing":false,"highWaterMark":16384,"length":0,"multiAwaitDrain":false,"needReadable":true,"objectMode":false,"pipes":[],"readableListening":true,"reading":true,"readingMore":false,"resumeScheduled":false,"sync":false},"_server":null,"_sockname":null,"_writableState":{"afterWriteTickInfo":null,"allBuffers":true,"allNoop":true,"autoDestroy":true,"bufferProcessing":false,"buffered":[],"bufferedIndex":0,"closeEmitted":false,"closed":false,"constructed":true,"corked":0,"decodeStrings":false,"defaultEncoding":"utf8","destroyed":false,"emitClose":false,"ended":false,"ending":false,"errorEmitted":false,"errored":null,"finalCalled":false,"finished":false,"highWaterMark":16384,"length":0,"needDrain":false,"objectMode":false,"pendingcb":0,"prefinished":false,"sync":false,"writecb":null,"writelen":0,"writing":false},"allowHalfOpen":false,"connecting":false,"server":null}},"level":"info","message":">>>","service":"user-service","timestamp":"2022-11-23T11:58:39.601Z"}
{"level":"info","message":"[object Object]","service":"user-service","timestamp":"2022-11-23T11:58:39.606Z"}
{"level":"info","message":"app is running on port 8000","service":"user-service","timestamp":"2022-11-23T11:58:40.213Z"}
{"level":"info","message":"[object Object]","service":"user-service","timestamp":"2022-11-23T11:58:40.246Z"}
{"level":"info","message":"app is running on port 8000","service":"user-service","timestamp":"2022-11-23T12:06:42.038Z"}
{"level":"info","message":"[object Object]","service":"user-service","timestamp":"2022-11-23T12:06:42.212Z"}
{"level":"info","message":"app is running on port 8000","service":"user-service","timestamp":"2022-11-23T12:07:01.534Z"}
{"level":"info","message":"[object Object]","service":"user-service","timestamp":"2022-11-23T12:07:01.699Z"}
{"level":"info","message":"app is running on port 8000","service":"user-service","timestamp":"2022-11-23T12:07:07.294Z"}
{"level":"info","message":"[object Object]","service":"user-service","timestamp":"2022-11-23T12:07:07.403Z"}
{"level":"info","message":"app is running on port 8000","service":"user-service","timestamp":"2022-11-23T12:08:21.121Z"}
{"level":"info","message":"[object Object]","service":"user-service","timestamp":"2022-11-23T12:08:21.287Z"}
{"level":"info","message":"app is running on port 8000","service":"user-service","timestamp":"2022-11-23T12:08:33.410Z"}
{"level":"info","message":"app is running on port 8000","service":"user-service","timestamp":"2022-11-23T12:09:32.812Z"}
{"level":"info","message":"app is running on port 8000","service":"user-service","timestamp":"2022-11-23T12:10:12.463Z"}
{"level":"info","message":"app is running on port 8000","service":"user-service","timestamp":"2022-11-23T12:11:41.743Z"}
{"level":"info","message":"app is running on port 8000","service":"user-service","timestamp":"2022-11-23T12:11:56.708Z"}
{"level":"info","message":"app is running on port 8000","service":"user-service","timestamp":"2022-11-23T12:12:04.122Z"}
{"level":"info","message":"app is running on port 8000","service":"user-service","timestamp":"2022-11-23T12:12:05.681Z"}
{"level":"info","message":"app is running on port 8000","service":"user-service","timestamp":"2022-11-23T12:12:07.088Z"}
{"level":"info","message":"app is running on port 8000","service":"user-service","timestamp":"2022-11-23T12:12:11.469Z"}
{"level":"info","message":"app is running on port 8000","service":"user-service","timestamp":"2022-11-23T12:12:13.038Z"}
{"level":"info","message":"app is running on port 8000","service":"user-service","timestamp":"2022-11-23T12:12:40.175Z"}
{"level":"info","message":"app is running on port 8000","service":"user-service","timestamp":"2022-11-23T12:12:43.062Z"}
{"level":"info","message":"app is running on port 8000","service":"user-service","timestamp":"2022-11-23T12:12:44.535Z"}
{"level":"info","message":"app is running on port 8000","service":"user-service","timestamp":"2022-11-23T12:12:45.834Z"}
{"level":"info","message":"app is running on port 8000","service":"user-service","timestamp":"2022-11-23T12:12:57.813Z"}
{"level":"info","message":"app is running on port 8000","service":"user-service","timestamp":"2022-11-23T12:13:02.964Z"}
{"level":"info","message":"app is running on port 8000","service":"user-service","timestamp":"2022-11-23T12:13:06.392Z"}
{"level":"info","message":"app is running on port 8000","service":"user-service","timestamp":"2022-11-23T12:13:08.217Z"}
{"level":"info","message":"app is running on port 8000","service":"user-service","timestamp":"2022-11-23T12:13:10.328Z"}
{"level":"info","message":"app is running on port 8000","service":"user-service","timestamp":"2022-11-23T12:13:14.278Z"}
{"level":"info","message":"app is running on port 8000","service":"user-service","timestamp":"2022-11-23T12:13:22.496Z"}
{"level":"info","message":"app is running on port 8000","service":"user-service","timestamp":"2022-11-23T12:13:24.649Z"}
{"level":"info","message":"app is running on port 8000","service":"user-service","timestamp":"2022-11-23T12:13:27.408Z"}
{"level":"info","message":"app is running on port 8000","service":"user-service","timestamp":"2022-11-23T12:14:02.282Z"}
{"level":"info","message":"app is running on port 8000","service":"user-service","timestamp":"2022-11-23T12:15:52.652Z"}
{"level":"info","message":"app is running on port 8000","service":"user-service","timestamp":"2022-11-23T12:16:01.523Z"}
{"level":"info","message":"app is running on port 8000","service":"user-service","timestamp":"2022-11-23T12:16:05.158Z"}
{"level":"info","message":"app is running on port 8000","service":"user-service","timestamp":"2022-11-23T14:05:55.846Z"}
{"level":"info","message":"app is running on port 8000","service":"user-service","timestamp":"2022-11-23T14:30:00.497Z"}
{"level":"info","message":"app is running on port 8000","service":"user-service","timestamp":"2022-11-23T14:30:22.206Z"}
{"level":"info","message":"app is running on port 8000","service":"user-service","timestamp":"2022-11-23T14:31:26.528Z"}
{"level":"info","message":"app is running on port 8000","service":"user-service","timestamp":"2022-11-23T14:31:27.452Z"}
{"level":"info","message":"app is running on port 8000","service":"user-service","timestamp":"2022-11-23T14:31:28.964Z"}
{"level":"info","message":"app is running on port 8000","service":"user-service","timestamp":"2022-11-23T14:31:38.113Z"}
{"level":"info","message":"app is running on port 8000","service":"user-service","timestamp":"2022-11-23T14:31:44.816Z"}
{"level":"info","message":"app is running on port 8000","service":"user-service","timestamp":"2022-11-23T14:31:54.500Z"}
{"level":"info","message":"app is running on port 8000","service":"user-service","timestamp":"2022-11-23T14:32:55.776Z"}
{"level":"info","message":"app is running on port 8000","service":"user-service","timestamp":"2022-11-23T15:07:17.244Z"}
{"level":"info","message":"app is running on port 8000","service":"user-service","timestamp":"2022-11-23T15:07:22.078Z"}
{"level":"info","message":"app is running on port 8000","service":"user-service","timestamp":"2022-11-23T15:07:22.875Z"}
{"level":"info","message":"app is running on port 8000","service":"user-service","timestamp":"2022-11-23T15:07:28.139Z"}
{"level":"info","message":"app is running on port 8000","service":"user-service","timestamp":"2022-11-23T15:16:07.928Z"}
{"level":"info","message":"app is running on port 8000","service":"user-service","timestamp":"2022-11-23T15:17:32.078Z"}
{"level":"info","message":"app is running on port 8000","service":"user-service","timestamp":"2022-11-23T15:17:45.949Z"}
{"level":"info","message":"app is running on port 8000","service":"user-service","timestamp":"2022-11-23T15:17:47.315Z"}
{"level":"info","message":"app is running on port 8000","service":"user-service","timestamp":"2022-11-23T15:17:54.245Z"}
{"level":"info","message":"app is running on port 8000","service":"user-service","timestamp":"2022-11-23T15:18:12.137Z"}
{"level":"info","message":"app is running on port 8000","service":"user-service","timestamp":"2022-11-23T15:18:15.728Z"}
{"level":"info","message":"app is running on port 8000","service":"user-service","timestamp":"2022-11-23T15:18:38.889Z"}
{"level":"info","message":"app is running on port 8000","service":"user-service","timestamp":"2022-11-23T15:18:51.018Z"}
{"level":"info","message":"app is running on port 8000","service":"user-service","timestamp":"2022-11-23T15:20:03.762Z"}
{"level":"info","message":"app is running on port 8000","service":"user-service","timestamp":"2022-11-23T15:21:25.522Z"}
{"level":"info","message":"app is running on port 8000","service":"user-service","timestamp":"2022-11-23T15:21:42.494Z"}
{"level":"info","message":"app is running on port 8000","service":"user-service","timestamp":"2022-11-23T15:21:44.054Z"}
{"level":"info","message":"app is running on port 8000","service":"user-service","timestamp":"2022-11-23T15:23:14.977Z"}
{"level":"info","message":"app is running on port 8000","service":"user-service","timestamp":"2022-11-23T15:24:33.222Z"}
{"level":"info","message":"app is running on port 8000","service":"user-service","timestamp":"2022-11-23T15:24:51.600Z"}
{"level":"info","message":"app is running on port 8000","service":"user-service","timestamp":"2022-11-23T15:24:56.575Z"}
{"level":"info","message":"app is running on port 8000","service":"user-service","timestamp":"2022-11-23T15:25:06.945Z"}
{"level":"info","message":"app is running on port 8000","service":"user-service","timestamp":"2022-11-23T15:25:41.537Z"}
{"level":"info","message":"app is running on port 8000","service":"user-service","timestamp":"2022-11-23T15:25:44.561Z"}
{"level":"info","message":"app is running on port 8000","service":"user-service","timestamp":"2022-11-23T15:27:46.199Z"}
{"level":"info","message":"app is running on port 8000","service":"user-service","timestamp":"2022-11-23T15:27:47.557Z"}
{"level":"info","message":"app is running on port 8000","service":"user-service","timestamp":"2022-11-23T15:33:14.264Z"}
{"level":"info","message":"app is running on port 8000","service":"user-service","timestamp":"2022-11-23T15:33:15.516Z"}
{"level":"info","message":"app is running on port 8000","service":"user-service","timestamp":"2022-11-23T15:33:54.612Z"}
{"level":"info","message":"app is running on port 8000","service":"user-service","timestamp":"2022-11-23T15:35:27.546Z"}
{"level":"info","message":"app is running on port 8000","service":"user-service","timestamp":"2022-11-23T15:35:28.323Z"}
{"level":"info","message":"app is running on port 8000","service":"user-service","timestamp":"2022-11-23T15:35:29.867Z"}
{"level":"info","message":"app is running on port 8000","service":"user-service","timestamp":"2022-11-23T15:35:33.211Z"}
{"level":"info","message":"app is running on port 8000","service":"user-service","timestamp":"2022-11-23T15:36:06.345Z"}
{"level":"info","message":"app is running on port 8000","service":"user-service","timestamp":"2022-11-23T15:36:15.159Z"}
{"level":"info","message":"app is running on port 8000","service":"user-service","timestamp":"2022-11-23T15:36:46.122Z"}
{"level":"info","message":"app is running on port 8000","service":"user-service","timestamp":"2022-11-23T15:36:58.134Z"}
{"level":"info","message":"app is running on port 8000","service":"user-service","timestamp":"2022-11-23T15:36:59.988Z"}
{"level":"info","message":"app is running on port 8000","service":"user-service","timestamp":"2022-11-23T15:37:02.734Z"}
{"level":"info","message":"app is running on port 8000","service":"user-service","timestamp":"2022-11-23T15:37:31.965Z"}
{"level":"info","message":"app is running on port 8000","service":"user-service","timestamp":"2022-11-23T15:38:47.598Z"}
{"level":"info","message":"app is running on port 8000","service":"user-service","timestamp":"2022-11-23T15:39:35.429Z"}
{"level":"info","message":"app is running on port 8000","service":"user-service","timestamp":"2022-11-23T15:40:29.192Z"}
{"level":"info","message":"app is running on port 8000","service":"user-service","timestamp":"2022-11-23T15:40:30.928Z"}
{"level":"info","message":"app is running on port 8000","service":"user-service","timestamp":"2022-11-23T15:42:28.793Z"}
{"level":"info","message":"app is running on port 8000","service":"user-service","timestamp":"2022-11-23T15:42:32.027Z"}
{"level":"info","message":"app is running on port 8000","service":"user-service","timestamp":"2022-11-23T15:42:33.601Z"}
{"level":"info","message":"app is running on port 8000","service":"user-service","timestamp":"2022-11-23T15:42:34.827Z"}
{"level":"info","message":"app is running on port 8000","service":"user-service","timestamp":"2022-11-23T15:42:46.408Z"}
{"level":"info","message":"app is running on port 8000","service":"user-service","timestamp":"2022-11-23T15:42:50.685Z"}
{"level":"info","message":"app is running on port 8000","service":"user-service","timestamp":"2022-11-23T15:43:00.027Z"}
{"level":"info","message":"app is running on port 8000","service":"user-service","timestamp":"2022-11-23T15:46:18.476Z"}
{"level":"info","message":"app is running on port 8000","service":"user-service","timestamp":"2022-11-23T15:46:19.501Z"}
{"level":"info","message":"app is running on port 8000","service":"user-service","timestamp":"2022-11-23T15:46:23.543Z"}
{"level":"info","message":"app is running on port 8000","service":"user-service","timestamp":"2022-11-23T15:46:30.710Z"}
{"level":"info","message":"app is running on port 8000","service":"user-service","timestamp":"2022-11-23T15:46:36.254Z"}
{"level":"info","message":"app is running on port 8000","service":"user-service","timestamp":"2022-11-23T15:47:13.925Z"}
{"level":"info","message":"app is running on port 8000","service":"user-service","timestamp":"2022-11-23T15:47:20.737Z"}
{"level":"info","message":"app is running on port 8000","service":"user-service","timestamp":"2022-11-23T15:47:23.130Z"}
{"level":"info","message":"app is running on port 8000","service":"user-service","timestamp":"2022-11-23T15:47:37.528Z"}
{"level":"info","message":"app is running on port 8000","service":"user-service","timestamp":"2022-11-23T15:48:05.983Z"}
{"level":"info","message":"app is running on port 8000","service":"user-service","timestamp":"2022-11-23T15:48:37.349Z"}
{"level":"info","message":"app is running on port 8000","service":"user-service","timestamp":"2022-11-23T15:48:38.635Z"}
{"level":"info","message":"app is running on port 8000","service":"user-service","timestamp":"2022-11-23T15:48:45.073Z"}
{"level":"info","message":"app is running on port 8000","service":"user-service","timestamp":"2022-11-23T15:48:55.567Z"}
{"level":"info","message":"app is running on port 8000","service":"user-service","timestamp":"2022-11-23T15:50:00.425Z"}
{"level":"info","message":"app is running on port 8000","service":"user-service","timestamp":"2022-11-23T15:50:11.081Z"}
{"level":"info","message":"app is running on port 8000","service":"user-service","timestamp":"2022-11-23T15:50:25.560Z"}
{"level":"info","message":"app is running on port 8000","service":"user-service","timestamp":"2022-11-23T15:50:30.901Z"}
{"level":"info","message":"app is running on port 8000","service":"user-service","timestamp":"2022-11-23T15:50:34.616Z"}
{"level":"info","message":"app is running on port 8000","service":"user-service","timestamp":"2022-11-23T15:50:50.404Z"}
{"level":"info","message":"app is running on port 8000","service":"user-service","timestamp":"2022-11-23T15:50:51.642Z"}
{"level":"info","message":"app is running on port 8000","service":"user-service","timestamp":"2022-11-23T15:51:20.106Z"}
{"level":"info","message":"app is running on port 8000","service":"user-service","timestamp":"2022-11-23T15:51:44.358Z"}
{"level":"info","message":"app is running on port 8000","service":"user-service","timestamp":"2022-11-23T15:52:56.339Z"}
{"level":"info","message":"app is running on port 8000","service":"user-service","timestamp":"2022-11-23T15:53:23.323Z"}
{"level":"info","message":"app is running on port 8000","service":"user-service","timestamp":"2022-11-23T15:53:24.151Z"}
{"level":"info","message":"app is running on port 8000","service":"user-service","timestamp":"2022-11-23T15:53:38.970Z"}
{"level":"info","message":"app is running on port 8000","service":"user-service","timestamp":"2022-11-23T15:54:05.346Z"}
{"level":"info","message":"app is running on port 8000","service":"user-service","timestamp":"2022-11-23T15:54:15.755Z"}
{"level":"info","message":"app is running on port 8000","service":"user-service","timestamp":"2022-11-23T15:55:17.756Z"}
{"level":"info","message":"app is running on port 8000","service":"user-service","timestamp":"2022-11-23T15:55:23.155Z"}
{"level":"info","message":"app is running on port 8000","service":"user-service","timestamp":"2022-11-23T15:56:02.833Z"}
{"level":"info","message":"app is running on port 8000","service":"user-service","timestamp":"2022-11-23T15:56:10.168Z"}
{"level":"info","message":"app is running on port 8000","service":"user-service","timestamp":"2022-11-23T15:56:22.696Z"}
{"level":"info","message":"app is running on port 8000","service":"user-service","timestamp":"2022-11-23T15:56:53.974Z"}
{"level":"info","message":"app is running on port 8000","service":"user-service","timestamp":"2022-11-23T15:57:01.018Z"}
{"level":"info","message":"app is running on port 8000","service":"user-service","timestamp":"2022-11-23T16:01:37.851Z"}
{"level":"info","message":"app is running on port 8000","service":"user-service","timestamp":"2022-11-23T16:01:38.885Z"}
{"level":"info","message":"app is running on port 8000","service":"user-service","timestamp":"2022-11-23T16:03:45.848Z"}
{"level":"info","message":"app is running on port 8000","service":"user-service","timestamp":"2022-11-23T16:04:02.181Z"}
{"level":"info","message":"app is running on port 8000","service":"user-service","timestamp":"2022-11-23T16:04:49.844Z"}
{"level":"info","message":"app is running on port 8000","service":"user-service","timestamp":"2022-11-23T16:04:50.947Z"}
{"level":"info","message":"app is running on port 8000","service":"user-service","timestamp":"2022-11-23T16:04:58.337Z"}
{"level":"info","message":"app is running on port 8000","service":"user-service","timestamp":"2022-11-23T16:06:22.764Z"}
{"level":"info","message":"app is running on port 8000","service":"user-service","timestamp":"2022-11-23T16:10:22.939Z"}
{"level":"info","message":"app is running on port 8000","service":"user-service","timestamp":"2022-11-23T16:10:35.896Z"}
{"level":"info","message":"app is running on port 8000","service":"user-service","timestamp":"2022-11-23T16:10:38.475Z"}
{"level":"info","message":"app is running on port 8000","service":"user-service","timestamp":"2022-11-23T16:10:41.694Z"}
{"level":"info","message":"app is running on port 8000","service":"user-service","timestamp":"2022-11-23T16:10:44.430Z"}
{"level":"info","message":"app is running on port 8000","service":"user-service","timestamp":"2022-11-23T16:10:45.719Z"}
{"level":"info","message":"app is running on port 8000","service":"user-service","timestamp":"2022-11-23T16:10:52.676Z"}
{"level":"info","message":"app is running on port 8000","service":"user-service","timestamp":"2022-11-23T16:10:59.063Z"}
{"level":"info","message":"app is running on port 8000","service":"user-service","timestamp":"2022-11-23T16:11:08.031Z"}
{"level":"info","message":"app is running on port 8000","service":"user-service","timestamp":"2022-11-23T16:11:08.962Z"}
{"level":"info","message":"app is running on port 8000","service":"user-service","timestamp":"2022-11-23T16:12:10.001Z"}
{"level":"info","message":"app is running on port 8000","service":"user-service","timestamp":"2022-11-23T16:12:14.579Z"}
{"level":"info","message":"app is running on port 8000","service":"user-service","timestamp":"2022-11-23T16:12:24.741Z"}
{"level":"info","message":"app is running on port 8000","service":"user-service","timestamp":"2022-11-24T09:04:01.327Z"}
{"level":"info","message":"app is running on port 8000","service":"user-service","timestamp":"2022-11-24T11:26:17.607Z"}
{"level":"info","message":"app is running on port 8000","service":"user-service","timestamp":"2022-11-24T12:31:31.898Z"}
{"level":"info","message":"app is running on port 8000","service":"user-service","timestamp":"2022-11-24T12:34:32.542Z"}
{"level":"info","message":"app is running on port 8000","service":"user-service","timestamp":"2022-11-24T12:34:54.758Z"}
{"level":"info","message":"app is running on port 8000","service":"user-service","timestamp":"2022-11-24T12:40:51.897Z"}
{"level":"info","message":"app is running on port 8000","service":"user-service","timestamp":"2022-11-24T12:41:05.814Z"}
{"level":"info","message":"app is running on port 8000","service":"user-service","timestamp":"2022-11-24T12:41:09.721Z"}
{"level":"info","message":"app is running on port 8000","service":"user-service","timestamp":"2022-11-24T12:41:11.505Z"}
{"level":"info","message":"app is running on port 8000","service":"user-service","timestamp":"2022-11-24T12:52:38.135Z"}
{"level":"info","message":"app is running on port 8000","service":"user-service","timestamp":"2022-11-24T12:53:09.251Z"}
{"level":"info","message":"app is running on port 8000","service":"user-service","timestamp":"2022-11-24T12:53:19.146Z"}
{"level":"info","message":"app is running on port 8000","service":"user-service","timestamp":"2022-11-24T12:53:27.778Z"}
{"level":"info","message":"app is running on port 8000","service":"user-service","timestamp":"2022-11-24T12:53:46.442Z"}
{"level":"info","message":"app is running on port 8000","service":"user-service","timestamp":"2022-11-24T12:54:20.243Z"}
{"level":"info","message":"app is running on port 8000","service":"user-service","timestamp":"2022-11-24T12:55:02.813Z"}
{"level":"info","message":"app is running on port 8000","service":"user-service","timestamp":"2022-11-24T12:55:23.643Z"}
{"level":"info","message":"app is running on port 8000","service":"user-service","timestamp":"2022-11-24T12:55:25.387Z"}
{"level":"info","message":"app is running on port 8000","service":"user-service","timestamp":"2022-11-24T12:55:31.930Z"}
{"level":"info","message":"app is running on port 8000","service":"user-service","timestamp":"2022-11-24T12:55:41.789Z"}
{"level":"info","message":"app is running on port 8000","service":"user-service","timestamp":"2022-11-24T12:55:51.210Z"}
{"level":"info","message":"app is running on port 8000","service":"user-service","timestamp":"2022-11-24T12:59:37.018Z"}
{"level":"info","message":"app is running on port 8000","service":"user-service","timestamp":"2022-11-24T13:09:19.753Z"}
{"level":"info","message":"app is running on port 8000","service":"user-service","timestamp":"2022-11-24T13:11:06.928Z"}
{"level":"info","message":"app is running on port 8000","service":"user-service","timestamp":"2022-11-24T13:11:13.378Z"}
{"level":"info","message":"app is running on port 8000","service":"user-service","timestamp":"2022-11-24T13:12:34.151Z"}
{"level":"info","message":"app is running on port 8000","service":"user-service","timestamp":"2022-11-24T13:16:13.502Z"}
{"level":"info","message":"app is running on port 8000","service":"user-service","timestamp":"2022-11-24T13:16:45.014Z"}
{"level":"info","message":"app is running on port 8000","service":"user-service","timestamp":"2022-11-24T13:16:47.499Z"}
{"level":"info","message":"app is running on port 8000","service":"user-service","timestamp":"2022-11-24T13:17:02.335Z"}
{"level":"info","message":"app is running on port 8000","service":"user-service","timestamp":"2022-11-24T13:17:02.939Z"}
{"level":"info","message":"app is running on port 8000","service":"user-service","timestamp":"2022-11-24T13:20:17.280Z"}
{"level":"info","message":"app is running on port 8000","service":"user-service","timestamp":"2022-11-24T13:20:31.403Z"}
{"level":"info","message":"app is running on port 8000","service":"user-service","timestamp":"2022-11-24T13:20:49.857Z"}
{"level":"info","message":"app is running on port 8000","service":"user-service","timestamp":"2022-11-24T13:20:52.993Z"}
{"level":"info","message":"app is running on port 8000","service":"user-service","timestamp":"2022-11-24T13:21:57.622Z"}
{"level":"info","message":"app is running on port 8000","service":"user-service","timestamp":"2022-11-24T13:23:04.558Z"}
{"level":"info","message":"app is running on port 8000","service":"user-service","timestamp":"2022-11-24T13:23:07.738Z"}
{"level":"info","message":"app is running on port 8000","service":"user-service","timestamp":"2022-11-24T13:23:13.283Z"}
{"level":"info","message":"app is running on port 8000","service":"user-service","timestamp":"2022-11-24T13:23:35.982Z"}
{"level":"info","message":"app is running on port 8000","service":"user-service","timestamp":"2022-11-24T13:23:37.270Z"}
{"level":"info","message":"app is running on port 8000","service":"user-service","timestamp":"2022-11-24T13:23:43.817Z"}
{"level":"info","message":"app is running on port 8000","service":"user-service","timestamp":"2022-11-24T13:27:30.895Z"}
{"level":"info","message":"app is running on port 8000","service":"user-service","timestamp":"2022-11-24T13:28:19.469Z"}
{"level":"info","message":"app is running on port 8000","service":"user-service","timestamp":"2022-11-24T13:29:04.497Z"}
{"level":"info","message":"app is running on port 8000","service":"user-service","timestamp":"2022-11-24T13:29:32.318Z"}
{"level":"info","message":"app is running on port 8000","service":"user-service","timestamp":"2022-11-24T13:29:58.127Z"}
{"level":"info","message":"app is running on port 8000","service":"user-service","timestamp":"2022-11-24T13:30:51.641Z"}
{"level":"info","message":"app is running on port 8000","service":"user-service","timestamp":"2022-11-24T13:31:27.382Z"}
{"level":"info","message":"app is running on port 8000","service":"user-service","timestamp":"2022-11-24T13:31:35.338Z"}
{"level":"info","message":"app is running on port 8000","service":"user-service","timestamp":"2022-11-24T13:31:46.107Z"}
{"level":"info","message":"app is running on port 8000","service":"user-service","timestamp":"2022-11-24T13:32:00.596Z"}
{"level":"info","message":"app is running on port 8000","service":"user-service","timestamp":"2022-11-24T13:32:03.408Z"}
{"level":"info","message":"app is running on port 8000","service":"user-service","timestamp":"2022-11-24T13:32:32.654Z"}
{"level":"info","message":"app is running on port 8000","service":"user-service","timestamp":"2022-11-24T13:32:39.055Z"}
{"level":"info","message":"app is running on port 8000","service":"user-service","timestamp":"2022-11-24T13:32:50.253Z"}
{"level":"info","message":"app is running on port 8000","service":"user-service","timestamp":"2022-11-24T13:32:51.273Z"}
{"level":"info","message":"app is running on port 8000","service":"user-service","timestamp":"2022-11-24T13:32:52.771Z"}
{"level":"info","message":"app is running on port 8000","service":"user-service","timestamp":"2022-11-24T13:33:00.934Z"}
{"level":"info","message":"app is running on port 8000","service":"user-service","timestamp":"2022-11-24T13:33:12.926Z"}
{"level":"info","message":"app is running on port 8000","service":"user-service","timestamp":"2022-11-24T13:33:28.356Z"}
{"level":"info","message":"app is running on port 8000","service":"user-service","timestamp":"2022-11-24T13:33:47.354Z"}
{"level":"info","message":"app is running on port 8000","service":"user-service","timestamp":"2022-11-24T13:33:50.289Z"}
{"level":"info","message":"app is running on port 8000","service":"user-service","timestamp":"2022-11-24T13:33:55.068Z"}
{"level":"info","message":"app is running on port 8000","service":"user-service","timestamp":"2022-11-24T13:33:58.185Z"}
{"level":"info","message":"app is running on port 8000","service":"user-service","timestamp":"2022-11-24T13:34:01.069Z"}
{"level":"info","message":"app is running on port 8000","service":"user-service","timestamp":"2022-11-24T13:34:09.211Z"}
{"level":"info","message":"app is running on port 8000","service":"user-service","timestamp":"2022-11-24T13:34:35.545Z"}
{"level":"info","message":"app is running on port 8000","service":"user-service","timestamp":"2022-11-24T13:34:36.238Z"}
{"level":"info","message":"app is running on port 8000","service":"user-service","timestamp":"2022-11-24T13:35:10.139Z"}
{"level":"info","message":"app is running on port 8000","service":"user-service","timestamp":"2022-11-24T13:35:37.474Z"}
{"level":"info","message":"app is running on port 8000","service":"user-service","timestamp":"2022-11-24T13:35:50.829Z"}
{"level":"info","message":"app is running on port 8000","service":"user-service","timestamp":"2022-11-24T13:35:52.794Z"}
{"level":"info","message":"app is running on port 8000","service":"user-service","timestamp":"2022-11-24T13:36:31.316Z"}
{"level":"info","message":"The new info log is sent to exchange logExchange","service":"user-service","timestamp":"2022-11-24T13:36:31.464Z"}
{"level":"info","message":"app is running on port 8000","service":"user-service","timestamp":"2022-11-24T13:38:22.084Z"}
{"level":"info","message":"app is running on port 8000","service":"user-service","timestamp":"2022-11-24T13:38:37.143Z"}
{"level":"info","message":"app is running on port 8000","service":"user-service","timestamp":"2022-11-25T09:01:19.078Z"}
{"level":"info","message":"app is running on port 8000","service":"user-service","timestamp":"2022-11-25T09:16:38.229Z"}
{"level":"info","message":"app is running on port 8000","service":"user-service","timestamp":"2022-11-25T09:16:46.630Z"}
{"level":"info","message":"app is running on port 8000","service":"user-service","timestamp":"2022-11-25T09:18:16.850Z"}
{"level":"info","message":{"content":"we will be happy to see this work","description":"checking post suceess","title":"post check"},"service":"user-service","timestamp":"2022-11-25T09:21:52.519Z"}
{"level":"info","message":"app is running on port 8000","service":"user-service","timestamp":"2022-11-25T09:25:19.196Z"}
{"level":"info","message":{"content":"we will be happy to see this work","description":"checking post suceess","title":"post check"},"service":"user-service","timestamp":"2022-11-25T09:25:27.849Z"}
{"level":"info","message":"app is running on port 8000","service":"user-service","timestamp":"2022-11-25T09:27:29.823Z"}
{"level":"info","message":"app is running on port 8000","service":"user-service","timestamp":"2022-11-25T09:28:02.933Z"}
{"level":"info","message":"app is running on port 8000","service":"user-service","timestamp":"2022-11-25T09:28:33.167Z"}
{"level":"info","message":"app is running on port 8000","service":"user-service","timestamp":"2022-11-25T09:29:26.912Z"}
{"level":"info","message":"app is running on port 8000","service":"user-service","timestamp":"2022-11-25T09:29:54.338Z"}
{"level":"info","message":"app is running on port 8000","service":"user-service","timestamp":"2022-11-25T09:30:01.160Z"}
{"level":"info","message":"app is running on port 8000","service":"user-service","timestamp":"2022-11-25T09:30:06.808Z"}
{"level":"info","message":"app is running on port 8000","service":"user-service","timestamp":"2022-11-25T09:30:23.578Z"}
{"level":"info","message":"app is running on port 8000","service":"user-service","timestamp":"2022-11-25T09:30:29.081Z"}
{"level":"info","message":"app is running on port 8000","service":"user-service","timestamp":"2022-11-25T09:30:59.199Z"}
{"level":"info","message":"app is running on port 8000","service":"user-service","timestamp":"2022-11-25T09:31:01.787Z"}
{"level":"info","message":"app is running on port 8000","service":"user-service","timestamp":"2022-11-25T09:35:21.588Z"}
{"level":"info","message":"app is running on port 8000","service":"user-service","timestamp":"2022-11-25T09:36:18.680Z"}
{"level":"info","message":"app is running on port 8000","service":"user-service","timestamp":"2022-11-25T09:36:19.831Z"}
{"level":"info","message":"app is running on port 8000","service":"user-service","timestamp":"2022-11-25T09:36:20.782Z"}
{"level":"info","message":"app is running on port 8000","service":"user-service","timestamp":"2022-11-25T09:36:22.594Z"}
{"level":"info","message":"app is running on port 8000","service":"user-service","timestamp":"2022-11-25T09:38:01.946Z"}
{"level":"info","message":"app is running on port 8000","service":"user-service","timestamp":"2022-11-25T09:38:19.292Z"}
{"level":"info","message":"app is running on port 8000","service":"user-service","timestamp":"2022-11-25T09:38:32.436Z"}
{"level":"info","message":"app is running on port 8000","service":"user-service","timestamp":"2022-11-25T09:39:34.708Z"}
{"level":"info","message":"app is running on port 8000","service":"user-service","timestamp":"2022-11-25T09:40:56.858Z"}
{"level":"info","message":"app is running on port 8000","service":"user-service","timestamp":"2022-11-25T09:43:24.313Z"}
{"level":"info","message":"app is running on port 8000","service":"user-service","timestamp":"2022-11-25T09:43:47.899Z"}
{"level":"info","message":"app is running on port 8000","service":"user-service","timestamp":"2022-11-25T09:44:06.225Z"}
{"level":"info","message":"app is running on port 8000","service":"user-service","timestamp":"2022-11-25T09:46:49.759Z"}
{"level":"info","message":"app is running on port 8000","service":"user-service","timestamp":"2022-11-25T09:47:43.087Z"}
{"level":"info","message":"app is running on port 8000","service":"user-service","timestamp":"2022-11-25T09:48:06.806Z"}
{"level":"info","message":"app is running on port 8000","service":"user-service","timestamp":"2022-11-25T09:48:07.416Z"}
{"level":"info","message":"app is running on port 8000","service":"user-service","timestamp":"2022-11-25T09:48:40.932Z"}
{"level":"info","message":"app is running on port 8000","service":"user-service","timestamp":"2022-11-25T09:48:44.604Z"}
{"level":"info","message":"app is running on port 8000","service":"user-service","timestamp":"2022-11-25T09:49:06.593Z"}
{"level":"info","message":"app is running on port 8000","service":"user-service","timestamp":"2022-11-25T09:49:15.187Z"}
{"level":"info","message":"app is running on port 8000","service":"user-service","timestamp":"2022-11-25T09:53:10.477Z"}
